Assembler report for main
<<<<<<< HEAD
Sat Nov 24 23:34:26 2018
Quartus Prime Version 18.0.0 Build 614 04/24/2018 SJ Lite Edition
=======
Wed Nov 21 11:43:29 2018
Quartus Prime Version 18.0.0 Build 614 04/24/2018 SJ Standard Edition
>>>>>>> graphics_fixes


---------------------
; Table of Contents ;
---------------------
  1. Legal Notice
  2. Assembler Summary
  3. Assembler Settings
  4. Assembler Generated Files
  5. Assembler Device Options: //SRVD/Homes$/maksymo4/Desktop/temp/Space_invaders/output_files/main.sof
  6. Assembler Messages



----------------
; Legal Notice ;
----------------
Copyright (C) 2018  Intel Corporation. All rights reserved.
Your use of Intel Corporation's design tools, logic functions 
and other software and tools, and its AMPP partner logic 
functions, and any output files from any of the foregoing 
(including device programming or simulation files), and any 
associated documentation or information are expressly subject 
to the terms and conditions of the Intel Program License 
Subscription Agreement, the Intel Quartus Prime License Agreement,
the Intel FPGA IP License Agreement, or other applicable license
agreement, including, without limitation, that your use is for
the sole purpose of programming logic devices manufactured by
Intel and sold by Intel or its authorized distributors.  Please
refer to the applicable agreement for further details.



+---------------------------------------------------------------+
; Assembler Summary                                             ;
+-----------------------+---------------------------------------+
<<<<<<< HEAD
; Assembler Status      ; Successful - Sat Nov 24 23:34:26 2018 ;
=======
; Assembler Status      ; Successful - Wed Nov 21 11:43:29 2018 ;
>>>>>>> graphics_fixes
; Revision Name         ; main                                  ;
; Top-level Entity Name ; main                                  ;
; Family                ; Cyclone V                             ;
; Device                ; 5CSEMA5F31C6                          ;
+-----------------------+---------------------------------------+


+----------------------------------+
; Assembler Settings               ;
+--------+---------+---------------+
; Option ; Setting ; Default Value ;
+--------+---------+---------------+


+--------------------------------------------------------------------------+
; Assembler Generated Files                                                ;
+--------------------------------------------------------------------------+
; File Name                                                                ;
+--------------------------------------------------------------------------+
; //SRVD/Homes$/maksymo4/Desktop/temp/Space_invaders/output_files/main.sof ;
+--------------------------------------------------------------------------+


<<<<<<< HEAD
+-------------------------------------------------------------------------------------------------------------------------+
; Assembler Device Options: C:/Users/Peter/OneDrive/1T8Semester1/ECE241/Lab projects/Space_invaders/output_files/main.sof ;
+----------------+--------------------------------------------------------------------------------------------------------+
; Option         ; Setting                                                                                                ;
+----------------+--------------------------------------------------------------------------------------------------------+
; JTAG usercode  ; 0x015B75FE                                                                                             ;
; Checksum       ; 0x015B75FE                                                                                             ;
+----------------+--------------------------------------------------------------------------------------------------------+
=======
+----------------------------------------------------------------------------------------------------+
; Assembler Device Options: //SRVD/Homes$/maksymo4/Desktop/temp/Space_invaders/output_files/main.sof ;
+----------------+-----------------------------------------------------------------------------------+
; Option         ; Setting                                                                           ;
+----------------+-----------------------------------------------------------------------------------+
; JTAG usercode  ; 0x01567952                                                                        ;
; Checksum       ; 0x01567952                                                                        ;
+----------------+-----------------------------------------------------------------------------------+
>>>>>>> graphics_fixes


+--------------------+
; Assembler Messages ;
+--------------------+
Info: *******************************************************************
Info: Running Quartus Prime Assembler
<<<<<<< HEAD
    Info: Version 18.0.0 Build 614 04/24/2018 SJ Lite Edition
    Info: Processing started: Sat Nov 24 23:34:19 2018
=======
    Info: Version 18.0.0 Build 614 04/24/2018 SJ Standard Edition
    Info: Processing started: Wed Nov 21 11:43:19 2018
>>>>>>> graphics_fixes
Info: Command: quartus_asm --read_settings_files=off --write_settings_files=off main -c main
Warning (18236): Number of processors has not been specified which may cause overloading on shared machines.  Set the global assignment NUM_PARALLEL_PROCESSORS in your QSF to an appropriate value for best performance.
Info (115030): Assembler is generating device programming files
Info: Quartus Prime Assembler was successful. 0 errors, 1 warning
<<<<<<< HEAD
    Info: Peak virtual memory: 4869 megabytes
    Info: Processing ended: Sat Nov 24 23:34:26 2018
    Info: Elapsed time: 00:00:07
=======
    Info: Peak virtual memory: 745 megabytes
    Info: Processing ended: Wed Nov 21 11:43:29 2018
    Info: Elapsed time: 00:00:10
>>>>>>> graphics_fixes
    Info: Total CPU time (on all processors): 00:00:07


